
CoreInterface ↓↓↓↓↓↓↓↓↓↓↓↓↓↓↓↓↓↓↓↓↓↓↓↓ 2011/08/12 10:36:45 Start
Core Program >>>>>>>>>>>>>>>>>>>>>>>>>>>>>>>>>>>>>>>>>>>>>> 2011/08/12 10:36:45 Start
Info: File \\192.168.1.126\necsv\Projects\3.PMeye2Q\05. Data\三事本\makeHTML.txt has 5 line
  OK:  Core Program finished successfully! 2011/08/12 10:37:30
Core Program <<<<<<<<<<<<<<<<<<<<<<<<<<<<<<<<<<<<<<<<<<<<<< 2011/08/12 10:37:30 End
CoreInterface ↑↑↑↑↑↑↑↑↑↑↑↑↑↑↑↑↑↑↑↑↑↑↑↑ 2011/08/12 10:37:30 End


CoreInterface ↓↓↓↓↓↓↓↓↓↓↓↓↓↓↓↓↓↓↓↓↓↓↓↓ 2011/07/26 10:41:41 Start
Core Program >>>>>>>>>>>>>>>>>>>>>>>>>>>>>>>>>>>>>>>>>>>>>> 2011/07/26 10:41:41 Start
Info: File \\192.168.1.126\necsv\Projects\3.PMeye2Q\05. Data\三事本\Make.txt has 8 line
  ERROR:  登録・更新・HTML生成の実行がエラー。
Core Program <<<<<<<<<<<<<<<<<<<<<<<<<<<<<<<<<<<<<<<<<<<<<< 2011/07/26 10:42:33 End
CoreInterface ↑↑↑↑↑↑↑↑↑↑↑↑↑↑↑↑↑↑↑↑↑↑↑↑ 2011/07/26 10:42:33 End


CoreInterface ↓↓↓↓↓↓↓↓↓↓↓↓↓↓↓↓↓↓↓↓↓↓↓↓ 2011/07/26 10:44:19 Start
Core Program >>>>>>>>>>>>>>>>>>>>>>>>>>>>>>>>>>>>>>>>>>>>>> 2011/07/26 10:44:19 Start
Info: File \\192.168.1.126\necsv\Projects\3.PMeye2Q\05. Data\三事本\Make.txt has 8 line
  ERROR:  登録・更新・HTML生成の実行がエラー。
Core Program <<<<<<<<<<<<<<<<<<<<<<<<<<<<<<<<<<<<<<<<<<<<<< 2011/07/26 10:45:03 End
CoreInterface ↑↑↑↑↑↑↑↑↑↑↑↑↑↑↑↑↑↑↑↑↑↑↑↑ 2011/07/26 10:45:03 End


CoreInterface ↓↓↓↓↓↓↓↓↓↓↓↓↓↓↓↓↓↓↓↓↓↓↓↓ 2011/07/26 11:03:20 Start
Core Program >>>>>>>>>>>>>>>>>>>>>>>>>>>>>>>>>>>>>>>>>>>>>> 2011/07/26 11:03:20 Start
Info: File \\192.168.1.126\necsv\Projects\3.PMeye2Q\05. Data\三事本\Make.txt has 8 line

CoreInterface ↓↓↓↓↓↓↓↓↓↓↓↓↓↓↓↓↓↓↓↓↓↓↓↓ 2011/07/26 11:05:28 Start
Core Program >>>>>>>>>>>>>>>>>>>>>>>>>>>>>>>>>>>>>>>>>>>>>> 2011/07/26 11:05:28 Start
Info: File \\192.168.1.126\necsv\Projects\3.PMeye2Q\05. Data\三事本\Make.txt has 8 line
  ERROR:  登録・更新・HTML生成の実行がエラー。
Core Program <<<<<<<<<<<<<<<<<<<<<<<<<<<<<<<<<<<<<<<<<<<<<< 2011/07/26 11:07:36 End
CoreInterface ↑↑↑↑↑↑↑↑↑↑↑↑↑↑↑↑↑↑↑↑↑↑↑↑ 2011/07/26 11:07:36 End


CoreInterface ↓↓↓↓↓↓↓↓↓↓↓↓↓↓↓↓↓↓↓↓↓↓↓↓ 2011/07/26 11:08:07 Start
Core Program >>>>>>>>>>>>>>>>>>>>>>>>>>>>>>>>>>>>>>>>>>>>>> 2011/07/26 11:08:07 Start
Info: File \\192.168.1.126\necsv\Projects\3.PMeye2Q\05. Data\三事本\Make.txt has 8 line

CoreInterface ↓↓↓↓↓↓↓↓↓↓↓↓↓↓↓↓↓↓↓↓↓↓↓↓ 2011/07/26 11:14:18 Start
Core Program >>>>>>>>>>>>>>>>>>>>>>>>>>>>>>>>>>>>>>>>>>>>>> 2011/07/26 11:14:18 Start
Info: File \\192.168.1.126\necsv\Projects\3.PMeye2Q\05. Data\三事本\Make.txt has 8 line
  ERROR:  登録・更新・HTML生成の実行がエラー。
Core Program <<<<<<<<<<<<<<<<<<<<<<<<<<<<<<<<<<<<<<<<<<<<<< 2011/07/26 11:23:47 End
CoreInterface ↑↑↑↑↑↑↑↑↑↑↑↑↑↑↑↑↑↑↑↑↑↑↑↑ 2011/07/26 11:23:47 End


CoreInterface ↓↓↓↓↓↓↓↓↓↓↓↓↓↓↓↓↓↓↓↓↓↓↓↓ 2011/07/26 11:24:01 Start
Core Program >>>>>>>>>>>>>>>>>>>>>>>>>>>>>>>>>>>>>>>>>>>>>> 2011/07/26 11:24:01 Start
Info: File \\192.168.1.126\necsv\Projects\3.PMeye2Q\05. Data\三事本\Make.txt has 8 line

CoreInterface ↓↓↓↓↓↓↓↓↓↓↓↓↓↓↓↓↓↓↓↓↓↓↓↓ 2011/07/26 11:26:30 Start
Core Program >>>>>>>>>>>>>>>>>>>>>>>>>>>>>>>>>>>>>>>>>>>>>> 2011/07/26 11:26:30 Start
Info: File \\192.168.1.126\necsv\Projects\3.PMeye2Q\05. Data\三事本\Make.txt has 8 line

CoreInterface ↓↓↓↓↓↓↓↓↓↓↓↓↓↓↓↓↓↓↓↓↓↓↓↓ 2011/07/26 11:37:00 Start
Core Program >>>>>>>>>>>>>>>>>>>>>>>>>>>>>>>>>>>>>>>>>>>>>> 2011/07/26 11:37:00 Start
Info: File \\192.168.1.126\necsv\Projects\3.PMeye2Q\05. Data\三事本\Make.txt has 8 line

CoreInterface ↓↓↓↓↓↓↓↓↓↓↓↓↓↓↓↓↓↓↓↓↓↓↓↓ 2011/07/26 11:43:17 Start
Core Program >>>>>>>>>>>>>>>>>>>>>>>>>>>>>>>>>>>>>>>>>>>>>> 2011/07/26 11:43:17 Start
Info: File \\192.168.1.126\necsv\Projects\3.PMeye2Q\05. Data\三事本\Make.txt has 8 line

CoreInterface ↓↓↓↓↓↓↓↓↓↓↓↓↓↓↓↓↓↓↓↓↓↓↓↓ 2011/07/26 11:48:05 Start
Core Program >>>>>>>>>>>>>>>>>>>>>>>>>>>>>>>>>>>>>>>>>>>>>> 2011/07/26 11:48:05 Start
Info: File \\192.168.1.126\necsv\Projects\3.PMeye2Q\05. Data\三事本\Make.txt has 8 line

CoreInterface ↓↓↓↓↓↓↓↓↓↓↓↓↓↓↓↓↓↓↓↓↓↓↓↓ 2011/07/26 11:51:30 Start
Core Program >>>>>>>>>>>>>>>>>>>>>>>>>>>>>>>>>>>>>>>>>>>>>> 2011/07/26 11:51:30 Start
Info: File \\192.168.1.126\necsv\Projects\3.PMeye2Q\05. Data\三事本\Make.txt has 8 line

CoreInterface ↓↓↓↓↓↓↓↓↓↓↓↓↓↓↓↓↓↓↓↓↓↓↓↓ 2011/07/26 11:54:18 Start
Core Program >>>>>>>>>>>>>>>>>>>>>>>>>>>>>>>>>>>>>>>>>>>>>> 2011/07/26 11:54:18 Start
Info: File \\192.168.1.126\necsv\Projects\3.PMeye2Q\05. Data\三事本\Make.txt has 8 line

CoreInterface ↓↓↓↓↓↓↓↓↓↓↓↓↓↓↓↓↓↓↓↓↓↓↓↓ 2011/07/26 11:58:30 Start
Core Program >>>>>>>>>>>>>>>>>>>>>>>>>>>>>>>>>>>>>>>>>>>>>> 2011/07/26 11:58:30 Start
Info: File \\192.168.1.126\necsv\Projects\3.PMeye2Q\05. Data\三事本\Make.txt has 8 line

CoreInterface ↓↓↓↓↓↓↓↓↓↓↓↓↓↓↓↓↓↓↓↓↓↓↓↓ 2011/08/12 13:08:00 Start
Core Program >>>>>>>>>>>>>>>>>>>>>>>>>>>>>>>>>>>>>>>>>>>>>> 2011/08/12 13:08:00 Start
Info: File \\192.168.1.126\necsv\Projects\3.PMeye2Q\05. Data\三事本\Make.txt has 8 line

CoreInterface ↓↓↓↓↓↓↓↓↓↓↓↓↓↓↓↓↓↓↓↓↓↓↓↓ 2011/07/26 13:23:08 Start
Core Program >>>>>>>>>>>>>>>>>>>>>>>>>>>>>>>>>>>>>>>>>>>>>> 2011/07/26 13:23:08 Start
Info: File \\192.168.1.126\necsv\Projects\3.PMeye2Q\05. Data\三事本\Make.txt has 8 line
  ERROR:  登録・更新・HTML生成の実行がエラー。
Core Program <<<<<<<<<<<<<<<<<<<<<<<<<<<<<<<<<<<<<<<<<<<<<< 2011/07/26 13:24:03 End
CoreInterface ↑↑↑↑↑↑↑↑↑↑↑↑↑↑↑↑↑↑↑↑↑↑↑↑ 2011/07/26 13:24:03 End


CoreInterface ↓↓↓↓↓↓↓↓↓↓↓↓↓↓↓↓↓↓↓↓↓↓↓↓ 2011/07/26 13:25:36 Start
Core Program >>>>>>>>>>>>>>>>>>>>>>>>>>>>>>>>>>>>>>>>>>>>>> 2011/07/26 13:25:36 Start
Info: File \\192.168.1.126\necsv\Projects\3.PMeye2Q\05. Data\三事本\Make.txt has 8 line
  OK:  Core Program finished successfully! 2011/07/26 13:26:39
Core Program <<<<<<<<<<<<<<<<<<<<<<<<<<<<<<<<<<<<<<<<<<<<<< 2011/07/26 13:26:39 End
CoreInterface ↑↑↑↑↑↑↑↑↑↑↑↑↑↑↑↑↑↑↑↑↑↑↑↑ 2011/07/26 13:26:39 End


CoreInterface ↓↓↓↓↓↓↓↓↓↓↓↓↓↓↓↓↓↓↓↓↓↓↓↓ 2011/07/26 13:28:23 Start
Core Program >>>>>>>>>>>>>>>>>>>>>>>>>>>>>>>>>>>>>>>>>>>>>> 2011/07/26 13:28:23 Start
Info: File \\192.168.1.126\necsv\Projects\3.PMeye2Q\05. Data\三事本\makeHTML.txt has 5 line
  OK:  Core Program finished successfully! 2011/07/26 13:28:23
Core Program <<<<<<<<<<<<<<<<<<<<<<<<<<<<<<<<<<<<<<<<<<<<<< 2011/07/26 13:28:23 End
CoreInterface ↑↑↑↑↑↑↑↑↑↑↑↑↑↑↑↑↑↑↑↑↑↑↑↑ 2011/07/26 13:28:23 End


CoreInterface ↓↓↓↓↓↓↓↓↓↓↓↓↓↓↓↓↓↓↓↓↓↓↓↓ 2011/07/26 13:29:43 Start
Core Program >>>>>>>>>>>>>>>>>>>>>>>>>>>>>>>>>>>>>>>>>>>>>> 2011/07/26 13:29:43 Start
Info: File \\192.168.1.126\necsv\Projects\3.PMeye2Q\05. Data\三事本\makeHTML.txt has 5 line
  OK:  Core Program finished successfully! 2011/07/26 13:29:43
Core Program <<<<<<<<<<<<<<<<<<<<<<<<<<<<<<<<<<<<<<<<<<<<<< 2011/07/26 13:29:43 End
CoreInterface ↑↑↑↑↑↑↑↑↑↑↑↑↑↑↑↑↑↑↑↑↑↑↑↑ 2011/07/26 13:29:43 End


CoreInterface ↓↓↓↓↓↓↓↓↓↓↓↓↓↓↓↓↓↓↓↓↓↓↓↓ 2011/07/26 13:30:46 Start
Core Program >>>>>>>>>>>>>>>>>>>>>>>>>>>>>>>>>>>>>>>>>>>>>> 2011/07/26 13:30:46 Start
Info: File \\192.168.1.126\necsv\Projects\3.PMeye2Q\05. Data\三事本\makeHTML.txt has 5 line

CoreInterface ↓↓↓↓↓↓↓↓↓↓↓↓↓↓↓↓↓↓↓↓↓↓↓↓ 2011/07/26 13:46:17 Start
Core Program >>>>>>>>>>>>>>>>>>>>>>>>>>>>>>>>>>>>>>>>>>>>>> 2011/07/26 13:46:17 Start
Info: File \\192.168.1.126\necsv\Projects\3.PMeye2Q\05. Data\三事本\makeHTML.txt has 5 line
  OK:  Core Program finished successfully! 2011/07/26 13:47:34
Core Program <<<<<<<<<<<<<<<<<<<<<<<<<<<<<<<<<<<<<<<<<<<<<< 2011/07/26 13:47:34 End
CoreInterface ↑↑↑↑↑↑↑↑↑↑↑↑↑↑↑↑↑↑↑↑↑↑↑↑ 2011/07/26 13:47:34 End


CoreInterface ↓↓↓↓↓↓↓↓↓↓↓↓↓↓↓↓↓↓↓↓↓↓↓↓ 2011/07/31 14:00:24 Start
Core Program >>>>>>>>>>>>>>>>>>>>>>>>>>>>>>>>>>>>>>>>>>>>>> 2011/07/31 14:00:24 Start
Info: File \\192.168.1.126\necsv\Projects\3.PMeye2Q\05. Data\三事本\Make.txt has 8 line
  OK:  Core Program finished successfully! 2011/07/31 14:01:27
Core Program <<<<<<<<<<<<<<<<<<<<<<<<<<<<<<<<<<<<<<<<<<<<<< 2011/07/31 14:01:27 End
CoreInterface ↑↑↑↑↑↑↑↑↑↑↑↑↑↑↑↑↑↑↑↑↑↑↑↑ 2011/07/31 14:01:27 End


CoreInterface ↓↓↓↓↓↓↓↓↓↓↓↓↓↓↓↓↓↓↓↓↓↓↓↓ 2011/08/01 14:02:20 Start
Core Program >>>>>>>>>>>>>>>>>>>>>>>>>>>>>>>>>>>>>>>>>>>>>> 2011/08/01 14:02:20 Start
Info: File \\192.168.1.126\necsv\Projects\3.PMeye2Q\05. Data\三事本\Make.txt has 8 line
  OK:  Core Program finished successfully! 2011/08/01 14:03:23
Core Program <<<<<<<<<<<<<<<<<<<<<<<<<<<<<<<<<<<<<<<<<<<<<< 2011/08/01 14:03:23 End
CoreInterface ↑↑↑↑↑↑↑↑↑↑↑↑↑↑↑↑↑↑↑↑↑↑↑↑ 2011/08/01 14:03:23 End


CoreInterface ↓↓↓↓↓↓↓↓↓↓↓↓↓↓↓↓↓↓↓↓↓↓↓↓ 2010/08/01 14:03:48 Start
Core Program >>>>>>>>>>>>>>>>>>>>>>>>>>>>>>>>>>>>>>>>>>>>>> 2010/08/01 14:03:48 Start
Info: File \\192.168.1.126\necsv\Projects\3.PMeye2Q\05. Data\三事本\Make.txt has 8 line
  OK:  Core Program finished successfully! 2010/08/01 14:04:54
Core Program <<<<<<<<<<<<<<<<<<<<<<<<<<<<<<<<<<<<<<<<<<<<<< 2010/08/01 14:04:54 End
CoreInterface ↑↑↑↑↑↑↑↑↑↑↑↑↑↑↑↑↑↑↑↑↑↑↑↑ 2010/08/01 14:04:54 End


CoreInterface ↓↓↓↓↓↓↓↓↓↓↓↓↓↓↓↓↓↓↓↓↓↓↓↓ 2011/08/12 14:05:52 Start
Core Program >>>>>>>>>>>>>>>>>>>>>>>>>>>>>>>>>>>>>>>>>>>>>> 2011/08/12 14:05:52 Start
Info: File \\192.168.1.126\necsv\Projects\3.PMeye2Q\05. Data\三事本\Make.txt has 8 line
  OK:  Core Program finished successfully! 2011/08/12 14:07:01
Core Program <<<<<<<<<<<<<<<<<<<<<<<<<<<<<<<<<<<<<<<<<<<<<< 2011/08/12 14:07:01 End
CoreInterface ↑↑↑↑↑↑↑↑↑↑↑↑↑↑↑↑↑↑↑↑↑↑↑↑ 2011/08/12 14:07:01 End


CoreInterface ↓↓↓↓↓↓↓↓↓↓↓↓↓↓↓↓↓↓↓↓↓↓↓↓ 2011/08/12 14:14:02 Start
Core Program >>>>>>>>>>>>>>>>>>>>>>>>>>>>>>>>>>>>>>>>>>>>>> 2011/08/12 14:14:02 Start
Info: File \\192.168.1.126\necsv\Projects\3.PMeye2Q\05. Data\三事本\makeHTML.txt has 5 line
  OK:  Core Program finished successfully! 2011/08/12 14:14:02
Core Program <<<<<<<<<<<<<<<<<<<<<<<<<<<<<<<<<<<<<<<<<<<<<< 2011/08/12 14:14:02 End
CoreInterface ↑↑↑↑↑↑↑↑↑↑↑↑↑↑↑↑↑↑↑↑↑↑↑↑ 2011/08/12 14:14:02 End


CoreInterface ↓↓↓↓↓↓↓↓↓↓↓↓↓↓↓↓↓↓↓↓↓↓↓↓ 2011/08/16 13:16:15 Start
Core Program >>>>>>>>>>>>>>>>>>>>>>>>>>>>>>>>>>>>>>>>>>>>>> 2011/08/16 13:16:15 Start
Info: File \\192.168.1.126\necsv\Projects\3.PMeye2Q\05. Data\三事本\makeHTML.txt has 5 line
  OK:  Core Program finished successfully! 2011/08/16 13:16:16
Core Program <<<<<<<<<<<<<<<<<<<<<<<<<<<<<<<<<<<<<<<<<<<<<< 2011/08/16 13:16:16 End
CoreInterface ↑↑↑↑↑↑↑↑↑↑↑↑↑↑↑↑↑↑↑↑↑↑↑↑ 2011/08/16 13:16:16 End


CoreInterface ↓↓↓↓↓↓↓↓↓↓↓↓↓↓↓↓↓↓↓↓↓↓↓↓ 2011/08/16 13:16:57 Start
Core Program >>>>>>>>>>>>>>>>>>>>>>>>>>>>>>>>>>>>>>>>>>>>>> 2011/08/16 13:16:57 Start
Info: File \\192.168.1.126\necsv\Projects\3.PMeye2Q\05. Data\三事本\makeHTML.txt has 5 line
  OK:  Core Program finished successfully! 2011/08/16 13:16:57
Core Program <<<<<<<<<<<<<<<<<<<<<<<<<<<<<<<<<<<<<<<<<<<<<< 2011/08/16 13:16:57 End
CoreInterface ↑↑↑↑↑↑↑↑↑↑↑↑↑↑↑↑↑↑↑↑↑↑↑↑ 2011/08/16 13:16:57 End


CoreInterface ↓↓↓↓↓↓↓↓↓↓↓↓↓↓↓↓↓↓↓↓↓↓↓↓ 2011/08/17 09:59:51 Start
Core Program >>>>>>>>>>>>>>>>>>>>>>>>>>>>>>>>>>>>>>>>>>>>>> 2011/08/17 09:59:51 Start
Info: File \\192.168.1.126\necsv\Projects\3.PMeye2Q\05. Data\三事本\makeHTML.txt has 5 line
  OK:  Core Program finished successfully! 2011/08/17 09:59:51
Core Program <<<<<<<<<<<<<<<<<<<<<<<<<<<<<<<<<<<<<<<<<<<<<< 2011/08/17 09:59:51 End
CoreInterface ↑↑↑↑↑↑↑↑↑↑↑↑↑↑↑↑↑↑↑↑↑↑↑↑ 2011/08/17 09:59:51 End


CoreInterface ↓↓↓↓↓↓↓↓↓↓↓↓↓↓↓↓↓↓↓↓↓↓↓↓ 2011/08/23 15:09:48 Start
Core Program >>>>>>>>>>>>>>>>>>>>>>>>>>>>>>>>>>>>>>>>>>>>>> 2011/08/23 15:09:48 Start
Info: File \\192.168.1.126\necsv\Projects\3.PMeye2Q\05. Data\三事本\Make.txt has 8 line
  OK:  Core Program finished successfully! 2011/08/23 15:11:18
Core Program <<<<<<<<<<<<<<<<<<<<<<<<<<<<<<<<<<<<<<<<<<<<<< 2011/08/23 15:11:18 End
CoreInterface ↑↑↑↑↑↑↑↑↑↑↑↑↑↑↑↑↑↑↑↑↑↑↑↑ 2011/08/23 15:11:18 End


CoreInterface ↓↓↓↓↓↓↓↓↓↓↓↓↓↓↓↓↓↓↓↓↓↓↓↓ 2011/08/22 15:17:20 Start
Core Program >>>>>>>>>>>>>>>>>>>>>>>>>>>>>>>>>>>>>>>>>>>>>> 2011/08/22 15:17:20 Start
Info: File \\192.168.1.126\necsv\Projects\3.PMeye2Q\05. Data\三事本\makeHTML.txt has 5 line
  OK:  Core Program finished successfully! 2011/08/22 15:17:21
Core Program <<<<<<<<<<<<<<<<<<<<<<<<<<<<<<<<<<<<<<<<<<<<<< 2011/08/22 15:17:21 End
CoreInterface ↑↑↑↑↑↑↑↑↑↑↑↑↑↑↑↑↑↑↑↑↑↑↑↑ 2011/08/22 15:17:21 End


CoreInterface ↓↓↓↓↓↓↓↓↓↓↓↓↓↓↓↓↓↓↓↓↓↓↓↓ 2011/08/22 15:18:20 Start
Core Program >>>>>>>>>>>>>>>>>>>>>>>>>>>>>>>>>>>>>>>>>>>>>> 2011/08/22 15:18:20 Start
Info: File \\192.168.1.126\necsv\Projects\3.PMeye2Q\05. Data\三事本\makeHTML.txt has 5 line
  OK:  Core Program finished successfully! 2011/08/22 15:18:20
Core Program <<<<<<<<<<<<<<<<<<<<<<<<<<<<<<<<<<<<<<<<<<<<<< 2011/08/22 15:18:20 End
CoreInterface ↑↑↑↑↑↑↑↑↑↑↑↑↑↑↑↑↑↑↑↑↑↑↑↑ 2011/08/22 15:18:20 End


CoreInterface ↓↓↓↓↓↓↓↓↓↓↓↓↓↓↓↓↓↓↓↓↓↓↓↓ 2011/06/29 15:44:17 Start
Core Program >>>>>>>>>>>>>>>>>>>>>>>>>>>>>>>>>>>>>>>>>>>>>> 2011/06/29 15:44:17 Start
Info: File \\192.168.1.126\necsv\Projects\3.PMeye2Q\05. Data\三事本\makeHTML.txt has 5 line
  OK:  Core Program finished successfully! 2011/06/29 15:44:17
Core Program <<<<<<<<<<<<<<<<<<<<<<<<<<<<<<<<<<<<<<<<<<<<<< 2011/06/29 15:44:17 End
CoreInterface ↑↑↑↑↑↑↑↑↑↑↑↑↑↑↑↑↑↑↑↑↑↑↑↑ 2011/06/29 15:44:17 End


CoreInterface ↓↓↓↓↓↓↓↓↓↓↓↓↓↓↓↓↓↓↓↓↓↓↓↓ 2011/06/29 15:45:39 Start
Core Program >>>>>>>>>>>>>>>>>>>>>>>>>>>>>>>>>>>>>>>>>>>>>> 2011/06/29 15:45:39 Start
Info: File \\192.168.1.126\necsv\Projects\3.PMeye2Q\05. Data\三事本\Make.txt has 8 line
  OK:  Core Program finished successfully! 2011/06/29 15:46:53
Core Program <<<<<<<<<<<<<<<<<<<<<<<<<<<<<<<<<<<<<<<<<<<<<< 2011/06/29 15:46:53 End
CoreInterface ↑↑↑↑↑↑↑↑↑↑↑↑↑↑↑↑↑↑↑↑↑↑↑↑ 2011/06/29 15:46:53 End


CoreInterface ↓↓↓↓↓↓↓↓↓↓↓↓↓↓↓↓↓↓↓↓↓↓↓↓ 2011/06/29 15:47:17 Start
Core Program >>>>>>>>>>>>>>>>>>>>>>>>>>>>>>>>>>>>>>>>>>>>>> 2011/06/29 15:47:17 Start
Info: File \\192.168.1.126\necsv\Projects\3.PMeye2Q\05. Data\三事本\makeHTML.txt has 5 line
  OK:  Core Program finished successfully! 2011/06/29 15:47:17
Core Program <<<<<<<<<<<<<<<<<<<<<<<<<<<<<<<<<<<<<<<<<<<<<< 2011/06/29 15:47:17 End
CoreInterface ↑↑↑↑↑↑↑↑↑↑↑↑↑↑↑↑↑↑↑↑↑↑↑↑ 2011/06/29 15:47:17 End


CoreInterface ↓↓↓↓↓↓↓↓↓↓↓↓↓↓↓↓↓↓↓↓↓↓↓↓ 2011/06/29 15:52:07 Start
Core Program >>>>>>>>>>>>>>>>>>>>>>>>>>>>>>>>>>>>>>>>>>>>>> 2011/06/29 15:52:07 Start
Info: File \\192.168.1.126\necsv\Projects\3.PMeye2Q\05. Data\三事本\makeHTML.txt has 5 line
  OK:  Core Program finished successfully! 2011/06/29 15:52:07
Core Program <<<<<<<<<<<<<<<<<<<<<<<<<<<<<<<<<<<<<<<<<<<<<< 2011/06/29 15:52:07 End
CoreInterface ↑↑↑↑↑↑↑↑↑↑↑↑↑↑↑↑↑↑↑↑↑↑↑↑ 2011/06/29 15:52:07 End


CoreInterface ↓↓↓↓↓↓↓↓↓↓↓↓↓↓↓↓↓↓↓↓↓↓↓↓ 2011/08/22 15:52:55 Start
Core Program >>>>>>>>>>>>>>>>>>>>>>>>>>>>>>>>>>>>>>>>>>>>>> 2011/08/22 15:52:55 Start
Info: File \\192.168.1.126\necsv\Projects\3.PMeye2Q\05. Data\三事本\makeHTML.txt has 5 line
  OK:  Core Program finished successfully! 2011/08/22 15:52:55
Core Program <<<<<<<<<<<<<<<<<<<<<<<<<<<<<<<<<<<<<<<<<<<<<< 2011/08/22 15:52:55 End
CoreInterface ↑↑↑↑↑↑↑↑↑↑↑↑↑↑↑↑↑↑↑↑↑↑↑↑ 2011/08/22 15:52:55 End


CoreInterface ↓↓↓↓↓↓↓↓↓↓↓↓↓↓↓↓↓↓↓↓↓↓↓↓ 2011/08/22 15:55:10 Start
Core Program >>>>>>>>>>>>>>>>>>>>>>>>>>>>>>>>>>>>>>>>>>>>>> 2011/08/22 15:55:10 Start
Info: File \\192.168.1.126\necsv\Projects\3.PMeye2Q\05. Data\三事本\makeHTML.txt has 5 line
  OK:  Core Program finished successfully! 2011/08/22 15:55:10
Core Program <<<<<<<<<<<<<<<<<<<<<<<<<<<<<<<<<<<<<<<<<<<<<< 2011/08/22 15:55:10 End
CoreInterface ↑↑↑↑↑↑↑↑↑↑↑↑↑↑↑↑↑↑↑↑↑↑↑↑ 2011/08/22 15:55:10 End


CoreInterface ↓↓↓↓↓↓↓↓↓↓↓↓↓↓↓↓↓↓↓↓↓↓↓↓ 2011/08/22 15:59:07 Start
Core Program >>>>>>>>>>>>>>>>>>>>>>>>>>>>>>>>>>>>>>>>>>>>>> 2011/08/22 15:59:07 Start
Info: File \\192.168.1.126\necsv\Projects\3.PMeye2Q\05. Data\三事本\makeHTML.txt has 5 line
  OK:  Core Program finished successfully! 2011/08/22 15:59:07
Core Program <<<<<<<<<<<<<<<<<<<<<<<<<<<<<<<<<<<<<<<<<<<<<< 2011/08/22 15:59:07 End
CoreInterface ↑↑↑↑↑↑↑↑↑↑↑↑↑↑↑↑↑↑↑↑↑↑↑↑ 2011/08/22 15:59:07 End


CoreInterface ↓↓↓↓↓↓↓↓↓↓↓↓↓↓↓↓↓↓↓↓↓↓↓↓ 2011/08/23 10:35:05 Start
Core Program >>>>>>>>>>>>>>>>>>>>>>>>>>>>>>>>>>>>>>>>>>>>>> 2011/08/23 10:35:05 Start
Info: File \\192.168.1.126\necsv\Projects\3.PMeye2Q\05. Data\三事本\makeHTML.txt has 5 line
  OK:  Core Program finished successfully! 2011/08/23 10:35:06
Core Program <<<<<<<<<<<<<<<<<<<<<<<<<<<<<<<<<<<<<<<<<<<<<< 2011/08/23 10:35:06 End
CoreInterface ↑↑↑↑↑↑↑↑↑↑↑↑↑↑↑↑↑↑↑↑↑↑↑↑ 2011/08/23 10:35:06 End


CoreInterface ↓↓↓↓↓↓↓↓↓↓↓↓↓↓↓↓↓↓↓↓↓↓↓↓ 2011/08/23 11:03:31 Start
Core Program >>>>>>>>>>>>>>>>>>>>>>>>>>>>>>>>>>>>>>>>>>>>>> 2011/08/23 11:03:31 Start
Info: File \\192.168.1.126\necsv\Projects\3.PMeye2Q\05. Data\三事本\makeHTML.txt has 5 line
  OK:  Core Program finished successfully! 2011/08/23 11:03:31
Core Program <<<<<<<<<<<<<<<<<<<<<<<<<<<<<<<<<<<<<<<<<<<<<< 2011/08/23 11:03:31 End
CoreInterface ↑↑↑↑↑↑↑↑↑↑↑↑↑↑↑↑↑↑↑↑↑↑↑↑ 2011/08/23 11:03:31 End


CoreInterface ↓↓↓↓↓↓↓↓↓↓↓↓↓↓↓↓↓↓↓↓↓↓↓↓ 2011/08/29 08:48:07 Start
Core Program >>>>>>>>>>>>>>>>>>>>>>>>>>>>>>>>>>>>>>>>>>>>>> 2011/08/29 08:48:07 Start
Info: File \\192.168.1.126\necsv\Projects\3.PMeye2Q\05. Data\三事本\makeHTML.txt has 5 line
  OK:  Core Program finished successfully! 2011/08/29 08:48:07
Core Program <<<<<<<<<<<<<<<<<<<<<<<<<<<<<<<<<<<<<<<<<<<<<< 2011/08/29 08:48:07 End
CoreInterface ↑↑↑↑↑↑↑↑↑↑↑↑↑↑↑↑↑↑↑↑↑↑↑↑ 2011/08/29 08:48:07 End


CoreInterface ↓↓↓↓↓↓↓↓↓↓↓↓↓↓↓↓↓↓↓↓↓↓↓↓ 2011/08/29 08:48:20 Start
Core Program >>>>>>>>>>>>>>>>>>>>>>>>>>>>>>>>>>>>>>>>>>>>>> 2011/08/29 08:48:20 Start
Info: File \\192.168.1.126\necsv\Projects\3.PMeye2Q\05. Data\三事本\Make.txt has 8 line
  OK:  Core Program finished successfully! 2011/08/29 08:49:25
Core Program <<<<<<<<<<<<<<<<<<<<<<<<<<<<<<<<<<<<<<<<<<<<<< 2011/08/29 08:49:25 End
CoreInterface ↑↑↑↑↑↑↑↑↑↑↑↑↑↑↑↑↑↑↑↑↑↑↑↑ 2011/08/29 08:49:25 End


CoreInterface ↓↓↓↓↓↓↓↓↓↓↓↓↓↓↓↓↓↓↓↓↓↓↓↓ 2011/08/31 15:45:12 Start
Core Program >>>>>>>>>>>>>>>>>>>>>>>>>>>>>>>>>>>>>>>>>>>>>> 2011/08/31 15:45:12 Start
Info: File \\192.168.1.126\necsv\Projects\3.PMeye2Q\05. Data\三事本\Make.txt has 8 line
  OK:  Core Program finished successfully! 2011/08/31 15:46:20
Core Program <<<<<<<<<<<<<<<<<<<<<<<<<<<<<<<<<<<<<<<<<<<<<< 2011/08/31 15:46:20 End
CoreInterface ↑↑↑↑↑↑↑↑↑↑↑↑↑↑↑↑↑↑↑↑↑↑↑↑ 2011/08/31 15:46:20 End


CoreInterface ↓↓↓↓↓↓↓↓↓↓↓↓↓↓↓↓↓↓↓↓↓↓↓↓ 2011/08/31 16:01:15 Start
Core Program >>>>>>>>>>>>>>>>>>>>>>>>>>>>>>>>>>>>>>>>>>>>>> 2011/08/31 16:01:15 Start
Info: File \\192.168.1.126\necsv\Projects\3.PMeye2Q\05. Data\三事本\Make.txt has 8 line
  ERROR:  登録・更新・HTML生成の実行がエラー。
Core Program <<<<<<<<<<<<<<<<<<<<<<<<<<<<<<<<<<<<<<<<<<<<<< 2011/08/31 16:02:07 End
CoreInterface ↑↑↑↑↑↑↑↑↑↑↑↑↑↑↑↑↑↑↑↑↑↑↑↑ 2011/08/31 16:02:07 End


CoreInterface ↓↓↓↓↓↓↓↓↓↓↓↓↓↓↓↓↓↓↓↓↓↓↓↓ 2011/08/31 16:02:25 Start
Core Program >>>>>>>>>>>>>>>>>>>>>>>>>>>>>>>>>>>>>>>>>>>>>> 2011/08/31 16:02:25 Start
Info: File \\192.168.1.126\necsv\Projects\3.PMeye2Q\05. Data\三事本\Make.txt has 8 line
  OK:  Core Program finished successfully! 2011/08/31 16:03:27
Core Program <<<<<<<<<<<<<<<<<<<<<<<<<<<<<<<<<<<<<<<<<<<<<< 2011/08/31 16:03:27 End
CoreInterface ↑↑↑↑↑↑↑↑↑↑↑↑↑↑↑↑↑↑↑↑↑↑↑↑ 2011/08/31 16:03:27 End


CoreInterface ↓↓↓↓↓↓↓↓↓↓↓↓↓↓↓↓↓↓↓↓↓↓↓↓ 2011/08/31 16:05:49 Start
Core Program >>>>>>>>>>>>>>>>>>>>>>>>>>>>>>>>>>>>>>>>>>>>>> 2011/08/31 16:05:49 Start
Info: File \\192.168.1.126\necsv\Projects\3.PMeye2Q\05. Data\三事本\Make.txt has 8 line
  OK:  Core Program finished successfully! 2011/08/31 16:06:59
Core Program <<<<<<<<<<<<<<<<<<<<<<<<<<<<<<<<<<<<<<<<<<<<<< 2011/08/31 16:06:59 End
CoreInterface ↑↑↑↑↑↑↑↑↑↑↑↑↑↑↑↑↑↑↑↑↑↑↑↑ 2011/08/31 16:06:59 End


CoreInterface ↓↓↓↓↓↓↓↓↓↓↓↓↓↓↓↓↓↓↓↓↓↓↓↓ 2011/08/31 16:07:51 Start
Core Program >>>>>>>>>>>>>>>>>>>>>>>>>>>>>>>>>>>>>>>>>>>>>> 2011/08/31 16:07:51 Start
Info: File \\192.168.1.126\necsv\Projects\3.PMeye2Q\05. Data\三事本\Make.txt has 8 line
  OK:  Core Program finished successfully! 2011/08/31 16:08:59
Core Program <<<<<<<<<<<<<<<<<<<<<<<<<<<<<<<<<<<<<<<<<<<<<< 2011/08/31 16:08:59 End
CoreInterface ↑↑↑↑↑↑↑↑↑↑↑↑↑↑↑↑↑↑↑↑↑↑↑↑ 2011/08/31 16:08:59 End


CoreInterface ↓↓↓↓↓↓↓↓↓↓↓↓↓↓↓↓↓↓↓↓↓↓↓↓ 2011/08/31 16:10:05 Start
Core Program >>>>>>>>>>>>>>>>>>>>>>>>>>>>>>>>>>>>>>>>>>>>>> 2011/08/31 16:10:05 Start
Info: File \\192.168.1.126\necsv\Projects\3.PMeye2Q\05. Data\三事本\Make.txt has 8 line
  OK:  Core Program finished successfully! 2011/08/31 16:11:12
Core Program <<<<<<<<<<<<<<<<<<<<<<<<<<<<<<<<<<<<<<<<<<<<<< 2011/08/31 16:11:12 End
CoreInterface ↑↑↑↑↑↑↑↑↑↑↑↑↑↑↑↑↑↑↑↑↑↑↑↑ 2011/08/31 16:11:12 End


CoreInterface ↓↓↓↓↓↓↓↓↓↓↓↓↓↓↓↓↓↓↓↓↓↓↓↓ 2011/09/05 10:52:48 Start
Core Program >>>>>>>>>>>>>>>>>>>>>>>>>>>>>>>>>>>>>>>>>>>>>> 2011/09/05 10:52:48 Start
Info: File \\192.168.1.126\necsv\Projects\3.PMeye2Q\05. Data\三事本\Make.txt has 8 line
  OK:  Core Program finished successfully! 2011/09/01 10:53:57
Core Program <<<<<<<<<<<<<<<<<<<<<<<<<<<<<<<<<<<<<<<<<<<<<< 2011/09/01 10:53:57 End
CoreInterface ↑↑↑↑↑↑↑↑↑↑↑↑↑↑↑↑↑↑↑↑↑↑↑↑ 2011/09/01 10:53:57 End


CoreInterface ↓↓↓↓↓↓↓↓↓↓↓↓↓↓↓↓↓↓↓↓↓↓↓↓ 2011/09/01 10:56:23 Start
Core Program >>>>>>>>>>>>>>>>>>>>>>>>>>>>>>>>>>>>>>>>>>>>>> 2011/09/01 10:56:23 Start
Info: File \\192.168.1.126\necsv\Projects\3.PMeye2Q\05. Data\三事本\makeHTML.txt has 5 line
  OK:  Core Program finished successfully! 2011/09/01 10:56:24
Core Program <<<<<<<<<<<<<<<<<<<<<<<<<<<<<<<<<<<<<<<<<<<<<< 2011/09/01 10:56:24 End
CoreInterface ↑↑↑↑↑↑↑↑↑↑↑↑↑↑↑↑↑↑↑↑↑↑↑↑ 2011/09/01 10:56:24 End


CoreInterface ↓↓↓↓↓↓↓↓↓↓↓↓↓↓↓↓↓↓↓↓↓↓↓↓ 2011/09/01 10:57:29 Start
Core Program >>>>>>>>>>>>>>>>>>>>>>>>>>>>>>>>>>>>>>>>>>>>>> 2011/09/01 10:57:29 Start
Info: File \\192.168.1.126\necsv\Projects\3.PMeye2Q\05. Data\三事本\makeHTML.txt has 5 line
  OK:  Core Program finished successfully! 2011/09/01 10:57:29
Core Program <<<<<<<<<<<<<<<<<<<<<<<<<<<<<<<<<<<<<<<<<<<<<< 2011/09/01 10:57:29 End
CoreInterface ↑↑↑↑↑↑↑↑↑↑↑↑↑↑↑↑↑↑↑↑↑↑↑↑ 2011/09/01 10:57:29 End


CoreInterface ↓↓↓↓↓↓↓↓↓↓↓↓↓↓↓↓↓↓↓↓↓↓↓↓ 2011/09/01 13:25:50 Start
Core Program >>>>>>>>>>>>>>>>>>>>>>>>>>>>>>>>>>>>>>>>>>>>>> 2011/09/01 13:25:50 Start
Info: File \\192.168.1.126\necsv\Projects\3.PMeye2Q\05. Data\三事本\makeHTML.txt has 5 line
  OK:  Core Program finished successfully! 2011/09/01 13:25:51
Core Program <<<<<<<<<<<<<<<<<<<<<<<<<<<<<<<<<<<<<<<<<<<<<< 2011/09/01 13:25:51 End
CoreInterface ↑↑↑↑↑↑↑↑↑↑↑↑↑↑↑↑↑↑↑↑↑↑↑↑ 2011/09/01 13:25:51 End


CoreInterface ↓↓↓↓↓↓↓↓↓↓↓↓↓↓↓↓↓↓↓↓↓↓↓↓ 2011/09/07 14:24:57 Start
Core Program >>>>>>>>>>>>>>>>>>>>>>>>>>>>>>>>>>>>>>>>>>>>>> 2011/09/07 14:24:57 Start
Info: File \\192.168.1.126\necsv\Projects\3.PMeye2Q\05. Data\三事本\Make.txt has 8 line
  OK:  Core Program finished successfully! 2011/09/07 14:26:02
Core Program <<<<<<<<<<<<<<<<<<<<<<<<<<<<<<<<<<<<<<<<<<<<<< 2011/09/07 14:26:02 End
CoreInterface ↑↑↑↑↑↑↑↑↑↑↑↑↑↑↑↑↑↑↑↑↑↑↑↑ 2011/09/07 14:26:02 End


CoreInterface ↓↓↓↓↓↓↓↓↓↓↓↓↓↓↓↓↓↓↓↓↓↓↓↓ 2011/09/08 14:28:14 Start
Core Program >>>>>>>>>>>>>>>>>>>>>>>>>>>>>>>>>>>>>>>>>>>>>> 2011/09/08 14:28:14 Start
Info: File \\192.168.1.126\necsv\Projects\3.PMeye2Q\05. Data\三事本\Make.txt has 8 line
  OK:  Core Program finished successfully! 2011/09/08 14:29:18
Core Program <<<<<<<<<<<<<<<<<<<<<<<<<<<<<<<<<<<<<<<<<<<<<< 2011/09/08 14:29:18 End
CoreInterface ↑↑↑↑↑↑↑↑↑↑↑↑↑↑↑↑↑↑↑↑↑↑↑↑ 2011/09/08 14:29:18 End


CoreInterface ↓↓↓↓↓↓↓↓↓↓↓↓↓↓↓↓↓↓↓↓↓↓↓↓ 2011/09/08 15:17:22 Start
Core Program >>>>>>>>>>>>>>>>>>>>>>>>>>>>>>>>>>>>>>>>>>>>>> 2011/09/08 15:17:22 Start
Info: File \\192.168.1.126\necsv\Projects\3.PMeye2Q\05. Data\三事本\Make.txt has 8 line
  OK:  Core Program finished successfully! 2011/09/08 15:18:29
Core Program <<<<<<<<<<<<<<<<<<<<<<<<<<<<<<<<<<<<<<<<<<<<<< 2011/09/08 15:18:29 End
CoreInterface ↑↑↑↑↑↑↑↑↑↑↑↑↑↑↑↑↑↑↑↑↑↑↑↑ 2011/09/08 15:18:29 End


CoreInterface ↓↓↓↓↓↓↓↓↓↓↓↓↓↓↓↓↓↓↓↓↓↓↓↓ 2011/09/08 15:23:09 Start
Core Program >>>>>>>>>>>>>>>>>>>>>>>>>>>>>>>>>>>>>>>>>>>>>> 2011/09/08 15:23:09 Start
Info: File \\192.168.1.126\necsv\Projects\3.PMeye2Q\05. Data\三事本\Make.txt has 8 line
  OK:  Core Program finished successfully! 2011/09/08 15:24:13
Core Program <<<<<<<<<<<<<<<<<<<<<<<<<<<<<<<<<<<<<<<<<<<<<< 2011/09/08 15:24:13 End
CoreInterface ↑↑↑↑↑↑↑↑↑↑↑↑↑↑↑↑↑↑↑↑↑↑↑↑ 2011/09/08 15:24:13 End


CoreInterface ↓↓↓↓↓↓↓↓↓↓↓↓↓↓↓↓↓↓↓↓↓↓↓↓ 2011/09/08 15:34:04 Start
Core Program >>>>>>>>>>>>>>>>>>>>>>>>>>>>>>>>>>>>>>>>>>>>>> 2011/09/08 15:34:04 Start
Info: File \\192.168.1.126\necsv\Projects\3.PMeye2Q\05. Data\三事本\Make.txt has 8 line
  OK:  Core Program finished successfully! 2011/09/08 15:35:07
Core Program <<<<<<<<<<<<<<<<<<<<<<<<<<<<<<<<<<<<<<<<<<<<<< 2011/09/08 15:35:07 End
CoreInterface ↑↑↑↑↑↑↑↑↑↑↑↑↑↑↑↑↑↑↑↑↑↑↑↑ 2011/09/08 15:35:07 End


CoreInterface ↓↓↓↓↓↓↓↓↓↓↓↓↓↓↓↓↓↓↓↓↓↓↓↓ 2011/09/13 16:19:32 Start
Core Program >>>>>>>>>>>>>>>>>>>>>>>>>>>>>>>>>>>>>>>>>>>>>> 2011/09/13 16:19:32 Start
Info: File \\192.168.1.126\necsv\Projects\3.PMeye2Q\05. Data\三事本\makeHTML.txt has 5 line
  OK:  Core Program finished successfully! 2011/09/13 16:19:36
Core Program <<<<<<<<<<<<<<<<<<<<<<<<<<<<<<<<<<<<<<<<<<<<<< 2011/09/13 16:19:36 End
CoreInterface ↑↑↑↑↑↑↑↑↑↑↑↑↑↑↑↑↑↑↑↑↑↑↑↑ 2011/09/13 16:19:36 End


CoreInterface ↓↓↓↓↓↓↓↓↓↓↓↓↓↓↓↓↓↓↓↓↓↓↓↓ 2011/09/15 08:13:44 Start
Core Program >>>>>>>>>>>>>>>>>>>>>>>>>>>>>>>>>>>>>>>>>>>>>> 2011/09/15 08:13:45 Start
Info: File \\192.168.1.126\necsv\Projects\3.PMeye2Q\05. Data\三事本\makeHTML.txt has 5 line
  OK:  Core Program finished successfully! 2011/09/15 08:13:45
Core Program <<<<<<<<<<<<<<<<<<<<<<<<<<<<<<<<<<<<<<<<<<<<<< 2011/09/15 08:13:45 End
CoreInterface ↑↑↑↑↑↑↑↑↑↑↑↑↑↑↑↑↑↑↑↑↑↑↑↑ 2011/09/15 08:13:45 End


CoreInterface ↓↓↓↓↓↓↓↓↓↓↓↓↓↓↓↓↓↓↓↓↓↓↓↓ 2011/09/15 08:14:27 Start
Core Program >>>>>>>>>>>>>>>>>>>>>>>>>>>>>>>>>>>>>>>>>>>>>> 2011/09/15 08:14:27 Start
Info: File \\192.168.1.126\necsv\Projects\3.PMeye2Q\05. Data\三事本\makeHTML.txt has 5 line
  OK:  Core Program finished successfully! 2011/09/15 08:14:28
Core Program <<<<<<<<<<<<<<<<<<<<<<<<<<<<<<<<<<<<<<<<<<<<<< 2011/09/15 08:14:28 End
CoreInterface ↑↑↑↑↑↑↑↑↑↑↑↑↑↑↑↑↑↑↑↑↑↑↑↑ 2011/09/15 08:14:28 End


CoreInterface ↓↓↓↓↓↓↓↓↓↓↓↓↓↓↓↓↓↓↓↓↓↓↓↓ 2011/09/15 08:14:31 Start
Core Program >>>>>>>>>>>>>>>>>>>>>>>>>>>>>>>>>>>>>>>>>>>>>> 2011/09/15 08:14:31 Start
Info: File \\192.168.1.126\necsv\Projects\3.PMeye2Q\05. Data\三事本\makeHTML.txt has 5 line
  OK:  Core Program finished successfully! 2011/09/15 08:14:31
Core Program <<<<<<<<<<<<<<<<<<<<<<<<<<<<<<<<<<<<<<<<<<<<<< 2011/09/15 08:14:31 End
CoreInterface ↑↑↑↑↑↑↑↑↑↑↑↑↑↑↑↑↑↑↑↑↑↑↑↑ 2011/09/15 08:14:31 End


CoreInterface ↓↓↓↓↓↓↓↓↓↓↓↓↓↓↓↓↓↓↓↓↓↓↓↓ 2011/09/15 08:15:11 Start
Core Program >>>>>>>>>>>>>>>>>>>>>>>>>>>>>>>>>>>>>>>>>>>>>> 2011/09/15 08:15:11 Start
Info: File \\192.168.1.126\necsv\Projects\3.PMeye2Q\05. Data\三事本\makeHTML.txt has 5 line
  OK:  Core Program finished successfully! 2011/09/15 08:15:25
Core Program <<<<<<<<<<<<<<<<<<<<<<<<<<<<<<<<<<<<<<<<<<<<<< 2011/09/15 08:15:27 End
CoreInterface ↑↑↑↑↑↑↑↑↑↑↑↑↑↑↑↑↑↑↑↑↑↑↑↑ 2011/09/15 08:15:27 End


CoreInterface ↓↓↓↓↓↓↓↓↓↓↓↓↓↓↓↓↓↓↓↓↓↓↓↓ 2011/09/15 08:15:38 Start
Core Program >>>>>>>>>>>>>>>>>>>>>>>>>>>>>>>>>>>>>>>>>>>>>> 2011/09/15 08:15:38 Start
Info: File \\192.168.1.126\necsv\Projects\3.PMeye2Q\05. Data\三事本\Make.txt has 8 line
  OK:  Core Program finished successfully! 2011/09/15 08:16:48
Core Program <<<<<<<<<<<<<<<<<<<<<<<<<<<<<<<<<<<<<<<<<<<<<< 2011/09/15 08:16:48 End
CoreInterface ↑↑↑↑↑↑↑↑↑↑↑↑↑↑↑↑↑↑↑↑↑↑↑↑ 2011/09/15 08:16:48 End


CoreInterface ↓↓↓↓↓↓↓↓↓↓↓↓↓↓↓↓↓↓↓↓↓↓↓↓ 2011/09/19 16:30:09 Start
Core Program >>>>>>>>>>>>>>>>>>>>>>>>>>>>>>>>>>>>>>>>>>>>>> 2011/09/19 16:30:09 Start
  Info: File \\192.168.1.126\necsv\Projects\3.PMeye2Q\05. Data\三事本\Make.txt has 7 line
  ERROR:  登録・更新・HTML生成の実行がエラー。
Core Program <<<<<<<<<<<<<<<<<<<<<<<<<<<<<<<<<<<<<<<<<<<<<< 2011/09/19 16:30:25 End
CoreInterface ↑↑↑↑↑↑↑↑↑↑↑↑↑↑↑↑↑↑↑↑↑↑↑↑ 2011/09/19 16:30:25 End

